/upload
file1
/upload
file1
Capture001.png
/upload
image/png
Capture001.png
/upload
1
1
algoid>1
algoid>1
algoid>1
algoid>1
algoid>1
<class 'list'>
<class 'sqlalchemy.engine.row.Row'>
(False,)
obj in query list>(False,)
[]
[1]
[(False,), (False,), (False,), (False,), (False,), (False,), (False,), (False,), (False,), (False,), (False,), (False,), (False,), (False,), (False,), (False,), (True,), (True,), (True,)]
[]
[<Query 20>, <Query 21>, <Query 22>]
[<Query 20>, <Query 21>, <Query 22>]
[<Query 23>, <Query 24>, <Query 25>]
[<Query 26>, <Query 27>, <Query 28>]
static/uploads/dataobjs/u1o132.png
static/uploads/dataobjs/u1o135.gif
static/uploads/dataobjs/u1o133.png
static/uploads/dataobjs/u1o136.gif
static/uploads/dataobjs/u1o134.png
static/uploads/dataobjs/u1o137.gif
[<Query 29>, <Query 30>, <Query 31>]
D:\LidanShare\pro3\server\main.py
D:\LidanShare\pro3\server\main.py
D:\LidanShare\pro3\server\main.py
D:\LidanShare\pro3\server
D:\LidanShare\pro3\server
D:\LidanShare\pro3\server
/static/uploads/dataobjs/u1o186.jpg.jpg
/static/uploads/dataobjs/u1o187.jpg.jpg
/static/uploads/dataobjs/u1o188.jpg.jpg
/static/uploads/dataobjs/u1o192.jpg.jpg
/static/uploads/dataobjs/u1o193.jpg.jpg
/static/uploads/dataobjs/u1o194.jpg.jpg
u1o198.jpg.jpg
u1o199.jpg.jpg
u1o200.jpg.jpg
u1o204.jpg
u1o205.jpg
u1o206.jpg
